# JRE version: Java(TM) SE Runtime Environment (14.0+36) (build 14+36-1461)
# Java VM: Java HotSpot(TM) 64-Bit Server VM (14+36-1461, mixed mode, sharing, tiered, compressed oops, g1 gc, windows-amd64)
Heap:
 garbage-first heap   total 131072K, used 18591K [0x0000000080400000, 0x0000000100000000)
  region size 1024K, 5 young (5120K), 4 survivors (4096K)
 Metaspace       used 17666K, capacity 18232K, committed 18432K, reserved 1071104K
  class space    used 2092K, capacity 2298K, committed 2304K, reserved 1048576K
GC Heap History (6 events):
Event: 1.091 GC heap before
{Heap before GC invocations=0 (full 0):
 garbage-first heap   total 131072K, used 21504K [0x0000000080400000, 0x0000000100000000)
  region size 1024K, 21 young (21504K), 0 survivors (0K)
 Metaspace       used 7850K, capacity 8104K, committed 8192K, reserved 1056768K
  class space    used 891K, capacity 1002K, committed 1024K, reserved 1048576K
}
Event: 1.103 GC heap after
{Heap after GC invocations=1 (full 0):
 garbage-first heap   total 131072K, used 7000K [0x0000000080400000, 0x0000000100000000)
  region size 1024K, 3 young (3072K), 3 survivors (3072K)
 Metaspace       used 7850K, capacity 8104K, committed 8192K, reserved 1056768K
  class space    used 891K, capacity 1002K, committed 1024K, reserved 1048576K
}
Event: 2.210 GC heap before
{Heap before GC invocations=1 (full 0):
 garbage-first heap   total 131072K, used 29528K [0x0000000080400000, 0x0000000100000000)
  region size 1024K, 26 young (26624K), 3 survivors (3072K)
 Metaspace       used 14533K, capacity 15116K, committed 15360K, reserved 1062912K
  class space    used 1754K, capacity 1961K, committed 2048K, reserved 1048576K
}
Event: 2.221 GC heap after
{Heap after GC invocations=2 (full 0):
 garbage-first heap   total 131072K, used 9645K [0x0000000080400000, 0x0000000100000000)
  region size 1024K, 3 young (3072K), 3 survivors (3072K)
 Metaspace       used 14533K, capacity 15116K, committed 15360K, reserved 1062912K
  class space    used 1754K, capacity 1961K, committed 2048K, reserved 1048576K
}
Event: 21.638 GC heap before
{Heap before GC invocations=2 (full 0):
 garbage-first heap   total 131072K, used 22957K [0x0000000080400000, 0x0000000100000000)
  region size 1024K, 9 young (9216K), 3 survivors (3072K)
 Metaspace       used 17615K, capacity 18168K, committed 18176K, reserved 1071104K
  class space    used 2088K, capacity 2298K, committed 2304K, reserved 1048576K
}
Event: 21.643 GC heap after
{Heap after GC invocations=3 (full 0):
 garbage-first heap   total 131072K, used 18591K [0x0000000080400000, 0x0000000100000000)
  region size 1024K, 4 young (4096K), 4 survivors (4096K)
 Metaspace       used 17615K, capacity 18168K, committed 18176K, reserved 1071104K
  class space    used 2088K, capacity 2298K, committed 2304K, reserved 1048576K
}

